<?xml version="1.0" encoding="UTF-8"?>
<!-- Generated by org.testng.reporters.JUnitReportReporter -->
<testsuite hostname="DESKTOP-10Q0FT6" failures="0" tests="2" name="com.testNg.TestNgFlipkartTest" time="22.036" errors="0" timestamp="2021-11-15T18:21:50 IST" skipped="0">
  <testcase classname="com.testNg.TestNgFlipkartTest" name="loginToFlipKartAndLogOut" time="21.902"/>
  <system-out/>
  <testcase classname="com.testNg.TestNgFlipkartTest" name="ValidateFlipkartTitle" time="0.134"/>
  <system-out/>
</testsuite> <!-- com.testNg.TestNgFlipkartTest -->
