<?xml version="1.0" encoding="UTF-8"?>
<!-- Generated by org.testng.reporters.JUnitReportReporter -->
<testsuite hostname="DESKTOP-10Q0FT6" failures="0" tests="4" name="com.testNg.testNgFactory" time="0.035" errors="0" timestamp="2021-11-29T21:57:31 IST" skipped="0">
  <testcase classname="com.testNg.testNgFactory" name="testCase1" time="0.013"/>
  <system-out/>
  <testcase classname="com.testNg.testNgFactory" name="testCase1" time="0.011"/>
  <system-out/>
  <testcase classname="com.testNg.testNgFactory" name="testCase2" time="0.007"/>
  <system-out/>
  <testcase classname="com.testNg.testNgFactory" name="testCase2" time="0.004"/>
  <system-out/>
</testsuite> <!-- com.testNg.testNgFactory -->
