<?xml version="1.0" encoding="UTF-8"?>
<!-- Generated by org.testng.reporters.JUnitReportReporter -->
<testsuite hostname="DESKTOP-10Q0FT6" failures="0" tests="2" name="com.testNg.TestNgTestCasesPractice" time="20.253" errors="0" timestamp="2021-11-30T16:42:07 IST" skipped="0">
  <testcase classname="com.testNg.TestNgTestCasesPractice" name="ValidateEnterGMOonline" time="5.007"/>
  <system-out/>
  <testcase classname="com.testNg.TestNgTestCasesPractice" name="VerifyalertBox" time="15.246"/>
  <system-out/>
</testsuite> <!-- com.testNg.TestNgTestCasesPractice -->
