<?xml version="1.0" encoding="UTF-8"?>
<!-- Generated by org.testng.reporters.JUnitReportReporter -->
<testsuite hostname="DESKTOP-10Q0FT6" failures="0" tests="3" name="com.testNg.TestNgGroup" time="0.028" errors="0" timestamp="2021-11-30T16:09:12 IST" skipped="0">
  <testcase classname="com.testNg.TestNgGroup" name="testMethodFive" time="0.021"/>
  <system-out/>
  <testcase classname="com.testNg.TestNgGroup" name="testMethodThree" time="0.003"/>
  <system-out/>
  <testcase classname="com.testNg.TestNgGroup" name="testMethodTwo" time="0.004"/>
  <system-out/>
</testsuite> <!-- com.testNg.TestNgGroup -->
