<?xml version="1.0" encoding="UTF-8"?>
<!-- Generated by org.testng.reporters.JUnitReportReporter -->
<testsuite hostname="DESKTOP-10Q0FT6" failures="0" tests="2" name="com.testNg.TestNgParameters" time="24.368" errors="0" timestamp="2021-11-29T18:25:57 IST" skipped="0">
  <testcase classname="com.testNg.TestNgParameters" name="FillLoginForm" time="0.009"/>
  <system-out/>
  <testcase classname="com.testNg.TestNgParameters" name="openBrowser" time="24.359"/>
  <system-out/>
</testsuite> <!-- com.testNg.TestNgParameters -->
