<?xml version="1.0" encoding="UTF-8"?>
<!-- Generated by org.testng.reporters.JUnitReportReporter -->
<testsuite hostname="DESKTOP-10Q0FT6" failures="0" tests="2" name="com.testNg.TestNgTestCase" time="0.560" errors="0" timestamp="2021-11-03T15:59:42 IST" skipped="0">
  <testcase classname="com.testNg.TestNgTestCase" name="ValidateGMOonlineLoadedSuccessfully" time="0.026"/>
  <system-out/>
  <testcase classname="com.testNg.TestNgTestCase" name="ValidateEnterGMOonline" time="0.534"/>
  <system-out/>
</testsuite> <!-- com.testNg.TestNgTestCase -->
