<?xml version="1.0" encoding="UTF-8"?>
<!-- Generated by org.testng.reporters.JUnitReportReporter -->
<testsuite hostname="DESKTOP-10Q0FT6" failures="0" tests="3" name="com.testNg.TestNgTestCasesPractice2" time="23.359" errors="0" timestamp="2021-11-12T22:42:12 IST" skipped="0">
  <testcase classname="com.testNg.TestNgTestCasesPractice2" name="ValidateEnterGMOonline" time="2.708"/>
  <system-out/>
  <testcase classname="com.testNg.TestNgTestCasesPractice2" name="VerifyalertBox" time="15.321"/>
  <system-out/>
  <testcase classname="com.testNg.TestNgTestCasesPractice2" name="verifyTheCalculations" time="5.330"/>
  <system-out/>
</testsuite> <!-- com.testNg.TestNgTestCasesPractice2 -->
