<?xml version="1.0" encoding="UTF-8"?>
<!-- Generated by org.testng.reporters.JUnitReportReporter -->
<testsuite hostname="DESKTOP-10Q0FT6" failures="0" tests="3" name="com.testNg.testNgDataProvider" time="0.017" errors="0" timestamp="2021-11-29T19:22:25 IST" skipped="0">
  <testcase classname="com.testNg.testNgDataProvider" name="add" time="0.004"/>
  <system-out/>
  <testcase classname="com.testNg.testNgDataProvider" name="add" time="0.010"/>
  <system-out/>
  <testcase classname="com.testNg.testNgDataProvider" name="add" time="0.003"/>
  <system-out/>
</testsuite> <!-- com.testNg.testNgDataProvider -->
