<?xml version="1.0" encoding="UTF-8"?>
<!-- Generated by org.testng.reporters.JUnitReportReporter -->
<testsuite hostname="DESKTOP-10Q0FT6" failures="0" tests="1" name="com.testNg.Practise" time="0.012" errors="0" timestamp="2021-12-01T13:12:52 IST" skipped="0">
  <testcase classname="com.testNg.Practise" name="f" time="0.012"/>
  <system-out/>
</testsuite> <!-- com.testNg.Practise -->
