<?xml version="1.0" encoding="UTF-8"?>
<!-- Generated by org.testng.reporters.JUnitReportReporter -->
<testsuite hostname="DESKTOP-10Q0FT6" failures="0" tests="8" name="com.testNg.TestNg2" time="0.047" errors="0" timestamp="2021-11-06T19:05:54 IST" skipped="0">
  <testcase classname="com.testNg.TestNg2" name="testcase3" time="0.005"/>
  <system-out/>
  <testcase classname="com.testNg.TestNg2" name="Testcase2" time="0.014"/>
  <system-out/>
  <testcase classname="com.testNg.TestNg2" name="testcase3" time="0.004"/>
  <system-out/>
  <testcase classname="com.testNg.TestNg2" name="testcase3" time="0.006"/>
  <system-out/>
  <testcase classname="com.testNg.TestNg2" name="testcase3" time="0.006"/>
  <system-out/>
  <testcase classname="com.testNg.TestNg2" name="testcase4" time="0.003"/>
  <system-out/>
  <testcase classname="com.testNg.TestNg2" name="Bestcase5" time="0.002"/>
  <system-out/>
  <testcase classname="com.testNg.TestNg2" name="testcase1" time="0.007"/>
  <system-out/>
</testsuite> <!-- com.testNg.TestNg2 -->
