<?xml version="1.0" encoding="UTF-8"?>
<!-- Generated by org.testng.reporters.JUnitReportReporter -->
<testsuite hostname="DESKTOP-10Q0FT6" failures="0" tests="2" name="com.testNg.TestNgTestCasesPractice" time="29.389" errors="0" timestamp="2021-12-01T17:19:27 IST" skipped="0">
  <testcase classname="com.testNg.TestNgTestCasesPractice" name="ValidateEnterGMOonline" time="14.111"/>
  <system-out/>
  <testcase classname="com.testNg.TestNgTestCasesPractice" name="VerifyalertBox" time="15.278"/>
  <system-out/>
</testsuite> <!-- com.testNg.TestNgTestCasesPractice -->
