<?xml version="1.0" encoding="UTF-8"?>
<!-- Generated by org.testng.reporters.JUnitReportReporter -->
<testsuite hostname="DESKTOP-10Q0FT6" failures="0" tests="5" name="com.testNg.TestNgTestCasesPractice2" time="63.320" errors="0" timestamp="2021-11-14T16:04:35 IST" skipped="0">
  <testcase classname="com.testNg.TestNgTestCasesPractice2" name="ValidateEnterGMOonline" time="2.402"/>
  <system-out/>
  <testcase classname="com.testNg.TestNgTestCasesPractice2" name="VerifyalertBox" time="15.243"/>
  <system-out/>
  <testcase classname="com.testNg.TestNgTestCasesPractice2" name="verifyTheCalculations" time="5.004"/>
  <system-out/>
  <testcase classname="com.testNg.TestNgTestCasesPractice2" name="HandlingFrames" time="34.984"/>
  <system-out/>
  <testcase classname="com.testNg.TestNgTestCasesPractice2" name="HandlingWindows" time="5.687"/>
  <system-out/>
</testsuite> <!-- com.testNg.TestNgTestCasesPractice2 -->
