<?xml version="1.0" encoding="UTF-8"?>
<!-- Generated by org.testng.reporters.JUnitReportReporter -->
<testsuite hostname="DESKTOP-10Q0FT6" failures="0" tests="4" name="com.testNg.testNgFactory" time="0.022" errors="0" timestamp="2021-12-02T23:01:37 IST" skipped="0">
  <testcase classname="com.testNg.testNgFactory" name="testCase1" time="0.004"/>
  <system-out/>
  <testcase classname="com.testNg.testNgFactory" name="testCase2" time="0.003"/>
  <system-out/>
  <testcase classname="com.testNg.testNgFactory" name="testCase1" time="0.010"/>
  <system-out/>
  <testcase classname="com.testNg.testNgFactory" name="testCase2" time="0.005"/>
  <system-out/>
</testsuite> <!-- com.testNg.testNgFactory -->
