<?xml version="1.0" encoding="UTF-8"?>
<!-- Generated by org.testng.reporters.JUnitReportReporter -->
<testsuite hostname="DESKTOP-10Q0FT6" failures="0" tests="1" name="com.testNg.TestNgTestCasesPractice2" time="5.218" errors="0" timestamp="2021-11-25T19:01:28 IST" skipped="0">
  <testcase classname="com.testNg.TestNgTestCasesPractice2" name="validateCalendar" time="5.218"/>
  <system-out/>
</testsuite> <!-- com.testNg.TestNgTestCasesPractice2 -->
