<?xml version="1.0" encoding="UTF-8"?>
<!-- Generated by org.testng.reporters.JUnitReportReporter -->
<testsuite hostname="DESKTOP-10Q0FT6" failures="0" tests="2" name="com.testNg.TestNgFlipkartTest" time="21.531" errors="0" timestamp="2021-11-09T13:26:23 IST" skipped="0">
  <testcase classname="com.testNg.TestNgFlipkartTest" name="ValidateFlipkartTitle" time="0.025"/>
  <system-out/>
  <testcase classname="com.testNg.TestNgFlipkartTest" name="ValidateEnterGMOonline" time="21.506"/>
  <system-out/>
</testsuite> <!-- com.testNg.TestNgFlipkartTest -->
